<?xml version="1.0" encoding="UTF-8"?>
<testng-results ignored="0" total="0" passed="0" failed="0" skipped="0">
  <reporter-output>
  </reporter-output>
  <suite started-at="2022-12-12T17:34:09 CET" name="Surefire suite" finished-at="2022-12-12T17:36:04 CET" duration-ms="114866">
    <groups>
    </groups>
    <test started-at="2022-12-12T17:34:09 CET" name="Surefire test" finished-at="2022-12-12T17:36:04 CET" duration-ms="114866">
    </test> <!-- Surefire test -->
  </suite> <!-- Surefire suite -->
</testng-results>
